2017.01.13 06:20:15	1	Начало импорта БД `keramar8_newcart`
2017.01.13 06:20:15	1	Файл: keramart_2017-01-13_08-47-28.sql.gz
2017.01.13 06:20:15	1	Установлена кодировка соединения: `binary`
2017.01.13 06:20:15	1	Импорт таблицы `accesslog`
2017.01.13 06:20:15	1	Импорт таблицы `actions`
2017.01.13 06:20:15	1	Импорт таблицы `advanced_help_index`
2017.01.13 06:20:15	1	Импорт таблицы `authmap`
2017.01.13 06:20:15	1	Импорт таблицы `bad_behavior_log`
2017.01.13 06:20:16	1	Импорт таблицы `batch`
2017.01.13 06:20:16	1	Импорт таблицы `bg_image_paths`
2017.01.13 06:20:16	1	Импорт таблицы `block`
2017.01.13 06:20:16	1	Импорт таблицы `block_custom`
2017.01.13 06:20:16	1	Импорт таблицы `block_node_type`
2017.01.13 06:20:16	1	Импорт таблицы `block_role`
2017.01.13 06:20:16	1	Импорт таблицы `blocked_ips`
2017.01.13 06:20:16	1	Импорт таблицы `book`
2017.01.13 06:20:16	1	Импорт таблицы `cache`
2017.01.13 06:20:16	1	Импорт таблицы `cache_block`
2017.01.13 06:20:16	1	Импорт таблицы `cache_bootstrap`
2017.01.13 06:20:16	1	Импорт таблицы `cache_coffee`
2017.01.13 06:20:16	1	Импорт таблицы `cache_field`
2017.01.13 06:20:16	1	Импорт таблицы `cache_filter`
2017.01.13 06:20:16	1	Импорт таблицы `cache_form`
2017.01.13 06:20:17	1	Импорт таблицы `cache_image`
2017.01.13 06:20:17	1	Импорт таблицы `cache_l10n_update`
2017.01.13 06:20:17	1	Импорт таблицы `cache_libraries`
2017.01.13 06:20:17	1	Импорт таблицы `cache_menu`
2017.01.13 06:20:17	1	Импорт таблицы `cache_metatag`
2017.01.13 06:20:17	1	Импорт таблицы `cache_page`
2017.01.13 06:20:17	1	Импорт таблицы `cache_panels`
2017.01.13 06:20:17	1	Импорт таблицы `cache_path`
2017.01.13 06:20:18	1	Импорт таблицы `cache_rules`
2017.01.13 06:20:18	1	Импорт таблицы `cache_token`
2017.01.13 06:20:18	1	Импорт таблицы `cache_update`
2017.01.13 06:20:18	1	Импорт таблицы `cache_variable`
2017.01.13 06:20:18	1	Импорт таблицы `cache_views`
2017.01.13 06:20:18	1	Импорт таблицы `cache_views_data`
2017.01.13 06:20:18	1	Импорт таблицы `comment`
2017.01.13 06:20:18	1	Импорт таблицы `contact`
2017.01.13 06:20:18	1	Импорт таблицы `context`
2017.01.13 06:20:18	1	Импорт таблицы `ctools_css_cache`
2017.01.13 06:20:18	1	Импорт таблицы `ctools_object_cache`
2017.01.13 06:20:18	4	MySQL Error: You have an error in your SQL syntax; check the manual that corresponds to your MySQL server version for the right syntax to use near \'\' at line 1 (/home/keramar8/public_html/sites/sxd/index.php:1594)
