2013.10.13 19:30:10	1	Начало импорта БД `keramar8_newkart`
2013.10.13 19:30:10	1	Файл: newkart(1).sql.gz
2013.10.13 19:30:10	1	Установлена кодировка соединения: `utf8`
2013.10.13 19:30:10	1	Импорт таблицы `accesslog`
2013.10.13 19:30:10	1	Импорт таблицы `actions`
2013.10.13 19:30:10	1	Импорт таблицы `advanced_help_index`
2013.10.13 19:30:10	1	Импорт таблицы `authmap`
2013.10.13 19:30:10	1	Импорт таблицы `batch`
2013.10.13 19:30:10	1	Импорт таблицы `block`
2013.10.13 19:30:10	1	Импорт таблицы `blocked_ips`
2013.10.13 19:30:11	1	Импорт таблицы `block_custom`
2013.10.13 19:30:11	1	Импорт таблицы `block_node_type`
2013.10.13 19:30:11	1	Импорт таблицы `block_role`
2013.10.13 19:30:11	1	Импорт таблицы `cache`
2013.10.13 19:30:15	1	Импорт таблицы `cache_block`
2013.10.13 19:30:15	1	Импорт таблицы `cache_bootstrap`
2013.10.13 19:30:15	1	Импорт таблицы `cache_field`
2013.10.13 19:30:20	1	Импорт таблицы `cache_filter`
2013.10.13 19:30:20	1	Импорт таблицы `cache_form`
2013.10.13 19:30:26	1	Импорт таблицы `cache_image`
2013.10.13 19:30:26	1	Импорт таблицы `cache_libraries`
2013.10.13 19:30:26	1	Импорт таблицы `cache_menu`
2013.10.13 19:30:29	1	Импорт таблицы `cache_metatag`
2013.10.13 19:30:30	1	Импорт таблицы `cache_page`
2013.10.13 19:30:30	1	Импорт таблицы `cache_path`
2013.10.13 19:30:30	1	Импорт таблицы `cache_token`
2013.10.13 19:30:30	1	Импорт таблицы `cache_update`
2013.10.13 19:30:30	1	Импорт таблицы `cache_views`
2013.10.13 19:30:37	1	Импорт таблицы `cache_views_data`
2013.10.13 19:30:37	1	Импорт таблицы `comment`
2013.10.13 19:30:37	1	Импорт таблицы `contact`
2013.10.13 19:30:37	1	Импорт таблицы `ctools_css_cache`
2013.10.13 19:30:37	1	Импорт таблицы `ctools_object_cache`
2013.10.13 19:30:38	1	Импорт таблицы `date_formats`
2013.10.13 19:30:38	1	Импорт таблицы `date_format_locale`
2013.10.13 19:30:38	1	Импорт таблицы `date_format_type`
2013.10.13 19:30:38	1	Импорт таблицы `field_config`
2013.10.13 19:30:38	1	Импорт таблицы `field_config_instance`
2013.10.13 19:30:39	1	Импорт таблицы `field_data_body`
2013.10.13 19:30:40	1	Импорт таблицы `field_data_comment_body`
2013.10.13 19:30:40	1	Импорт таблицы `field_data_field_about_user`
2013.10.13 19:30:41	1	Импорт таблицы `field_data_field_artikul`
2013.10.13 19:30:41	1	Импорт таблицы `field_data_field_exp_cont_img`
2013.10.13 19:30:41	1	Импорт таблицы `field_data_field_exp_cont_ref`
2013.10.13 19:30:41	1	Импорт таблицы `field_data_field_gallery_category`
2013.10.13 19:30:42	1	Импорт таблицы `field_data_field_gallery_photo`
2013.10.13 19:30:42	4	MySQL Error: You have an error in your SQL syntax; check the manual that corresponds to your MySQL server version for the right syntax to use near \'\' at line 6 (/home/keramar8/public_html/sites/sxd/index.php:1594)
